CRITICAL - 2024-06-19 03:24:46 --> CodeIgniter\Filters\Exceptions\FilterException: "App\Filters\Cors" must implement CodeIgniter\Filters\FilterInterface.
[Method: OPTIONS, Route: modulos]
in SYSTEMPATH\Filters\Filters.php on line 200.
 1 SYSTEMPATH\Filters\Filters.php(200): CodeIgniter\Filters\Exceptions\FilterException::forIncorrectInterface('App\\Filters\\Cors')
 2 SYSTEMPATH\Filters\Filters.php(287): CodeIgniter\Filters\Filters->runBefore([...])
 3 SYSTEMPATH\CodeIgniter.php(389): CodeIgniter\Filters\Filters->runRequired('before')
 4 SYSTEMPATH\CodeIgniter.php(348): CodeIgniter\CodeIgniter->runRequiredBeforeFilters(Object(CodeIgniter\Filters\Filters))
 5 SYSTEMPATH\Boot.php(312): CodeIgniter\CodeIgniter->run()
 6 SYSTEMPATH\Boot.php(67): CodeIgniter\Boot::runCodeIgniter(Object(CodeIgniter\CodeIgniter))
 7 FCPATH\index.php(56): CodeIgniter\Boot::bootWeb(Object(Config\Paths))
 8 SYSTEMPATH\Commands\Server\rewrite.php(49): require_once('C:\\xampp\\htdocs\\Sinapptic\\public\\index.php')
CRITICAL - 2024-06-19 19:50:51 --> ErrorException: Undefined property: stdClass::$ID_MODULO
[Method: POST, Route: modulosss]
in APPPATH\Controllers\Home.php on line 26.
 1 APPPATH\Controllers\Home.php(26): CodeIgniter\Debug\Exceptions->errorHandler(2, 'Undefined property: stdClass::$ID_MODULO', 'C:\\xampp\\htdocs\\Sinapptic\\app\\Controllers\\Home.php', 26)
 2 SYSTEMPATH\CodeIgniter.php(933): App\Controllers\Home->id()
 3 SYSTEMPATH\CodeIgniter.php(509): CodeIgniter\CodeIgniter->runController(Object(App\Controllers\Home))
 4 SYSTEMPATH\CodeIgniter.php(355): CodeIgniter\CodeIgniter->handleRequest(null, Object(Config\Cache), false)
 5 SYSTEMPATH\Boot.php(312): CodeIgniter\CodeIgniter->run()
 6 SYSTEMPATH\Boot.php(67): CodeIgniter\Boot::runCodeIgniter(Object(CodeIgniter\CodeIgniter))
 7 FCPATH\index.php(56): CodeIgniter\Boot::bootWeb(Object(Config\Paths))
 8 SYSTEMPATH\Commands\Server\rewrite.php(49): require_once('C:\\xampp\\htdocs\\Sinapptic\\public\\index.php')
