CRITICAL - 2024-06-13 21:29:15 --> ArgumentCountError: Too few arguments to function App\Controllers\Home::listarModulos(), 0 passed in C:\xampp\htdocs\Sinapptic\system\CodeIgniter.php on line 933 and exactly 1 expected
[Method: POST, Route: modulos]
in APPPATH\Controllers\Home.php on line 21.
 1 SYSTEMPATH\CodeIgniter.php(933): App\Controllers\Home->listarModulos()
 2 SYSTEMPATH\CodeIgniter.php(509): CodeIgniter\CodeIgniter->runController(Object(App\Controllers\Home))
 3 SYSTEMPATH\CodeIgniter.php(355): CodeIgniter\CodeIgniter->handleRequest(null, Object(Config\Cache), false)
 4 SYSTEMPATH\Boot.php(312): CodeIgniter\CodeIgniter->run()
 5 SYSTEMPATH\Boot.php(67): CodeIgniter\Boot::runCodeIgniter(Object(CodeIgniter\CodeIgniter))
 6 FCPATH\index.php(56): CodeIgniter\Boot::bootWeb(Object(Config\Paths))
 7 SYSTEMPATH\Commands\Server\rewrite.php(49): require_once('C:\\xampp\\htdocs\\Sinapptic\\public\\index.php')
CRITICAL - 2024-06-13 21:31:13 --> ArgumentCountError: Too few arguments to function App\Controllers\Home::index(), 0 passed in C:\xampp\htdocs\Sinapptic\system\CodeIgniter.php on line 933 and exactly 1 expected
[Method: POST, Route: modulos]
in APPPATH\Controllers\Home.php on line 21.
 1 SYSTEMPATH\CodeIgniter.php(933): App\Controllers\Home->index()
 2 SYSTEMPATH\CodeIgniter.php(509): CodeIgniter\CodeIgniter->runController(Object(App\Controllers\Home))
 3 SYSTEMPATH\CodeIgniter.php(355): CodeIgniter\CodeIgniter->handleRequest(null, Object(Config\Cache), false)
 4 SYSTEMPATH\Boot.php(312): CodeIgniter\CodeIgniter->run()
 5 SYSTEMPATH\Boot.php(67): CodeIgniter\Boot::runCodeIgniter(Object(CodeIgniter\CodeIgniter))
 6 FCPATH\index.php(56): CodeIgniter\Boot::bootWeb(Object(Config\Paths))
 7 SYSTEMPATH\Commands\Server\rewrite.php(49): require_once('C:\\xampp\\htdocs\\Sinapptic\\public\\index.php')
ERROR - 2024-06-13 21:35:08 --> mysqli_sql_exception: Not unique table/alias: 'modulo' in C:\xampp\htdocs\Sinapptic\system\Database\MySQLi\Connection.php:308
Stack trace:
#0 C:\xampp\htdocs\Sinapptic\system\Database\MySQLi\Connection.php(308): mysqli->query('SELECT `modulo`...', 0)
#1 C:\xampp\htdocs\Sinapptic\system\Database\BaseConnection.php(722): CodeIgniter\Database\MySQLi\Connection->execute('SELECT `modulo`...')
#2 C:\xampp\htdocs\Sinapptic\system\Database\BaseConnection.php(636): CodeIgniter\Database\BaseConnection->simpleQuery('SELECT `modulo`...')
#3 C:\xampp\htdocs\Sinapptic\system\Database\BaseBuilder.php(1629): CodeIgniter\Database\BaseConnection->query('SELECT `modulo`...', Array, false)
#4 C:\xampp\htdocs\Sinapptic\system\Model.php(919): CodeIgniter\Database\BaseBuilder->get()
#5 C:\xampp\htdocs\Sinapptic\app\Controllers\Home.php(35): CodeIgniter\Model->__call('get', Array)
#6 C:\xampp\htdocs\Sinapptic\system\CodeIgniter.php(933): App\Controllers\Home->index()
#7 C:\xampp\htdocs\Sinapptic\system\CodeIgniter.php(509): CodeIgniter\CodeIgniter->runController(Object(App\Controllers\Home))
#8 C:\xampp\htdocs\Sinapptic\system\CodeIgniter.php(355): CodeIgniter\CodeIgniter->handleRequest(NULL, Object(Config\Cache), false)
#9 C:\xampp\htdocs\Sinapptic\system\Boot.php(312): CodeIgniter\CodeIgniter->run()
#10 C:\xampp\htdocs\Sinapptic\system\Boot.php(67): CodeIgniter\Boot::runCodeIgniter(Object(CodeIgniter\CodeIgniter))
#11 C:\xampp\htdocs\Sinapptic\public\index.php(56): CodeIgniter\Boot::bootWeb(Object(Config\Paths))
#12 C:\xampp\htdocs\Sinapptic\system\Commands\Server\rewrite.php(49): require_once('C:\\xampp\\htdocs...')
#13 {main}
CRITICAL - 2024-06-13 21:35:08 --> CodeIgniter\Database\Exceptions\DatabaseException: Not unique table/alias: 'modulo'
[Method: POST, Route: modulos]
in SYSTEMPATH\Database\BaseConnection.php on line 676.
 1 SYSTEMPATH\Database\BaseBuilder.php(1629): CodeIgniter\Database\BaseConnection->query('SELECT `modulo`.`TITULO`, `modulo`.`ICONO`, `modulo`.`RUTA`
FROM (`modulo`, `modulo`)
JOIN `permisos_modulos` ON `permisos_modulos`.`ID_MODULO` = `modulo`.`ID_MODULO`
JOIN `rol` ON `permisos_modulos`.`ID_ROL` = `rol`.`ID_ROL`
JOIN `usuario` ON `rol`.`ID_ROL` = `usuario`.`ID_ROL`
WHERE `permisos_modulos`.`VISTA` = :permisos_modulos.VISTA:
AND `usuario`.`NOMBRE` = :usuario.NOMBRE:', [...], false)
 2 SYSTEMPATH\Model.php(919): CodeIgniter\Database\BaseBuilder->get()
 3 APPPATH\Controllers\Home.php(35): CodeIgniter\Model->__call('get', [])
 4 SYSTEMPATH\CodeIgniter.php(933): App\Controllers\Home->index()
 5 SYSTEMPATH\CodeIgniter.php(509): CodeIgniter\CodeIgniter->runController(Object(App\Controllers\Home))
 6 SYSTEMPATH\CodeIgniter.php(355): CodeIgniter\CodeIgniter->handleRequest(null, Object(Config\Cache), false)
 7 SYSTEMPATH\Boot.php(312): CodeIgniter\CodeIgniter->run()
 8 SYSTEMPATH\Boot.php(67): CodeIgniter\Boot::runCodeIgniter(Object(CodeIgniter\CodeIgniter))
 9 FCPATH\index.php(56): CodeIgniter\Boot::bootWeb(Object(Config\Paths))
10 SYSTEMPATH\Commands\Server\rewrite.php(49): require_once('C:\\xampp\\htdocs\\Sinapptic\\public\\index.php')
CRITICAL - 2024-06-13 21:35:08 --> [Caused by] CodeIgniter\Database\Exceptions\DatabaseException: Not unique table/alias: 'modulo'
in SYSTEMPATH\Database\MySQLi\Connection.php on line 313.
 1 SYSTEMPATH\Database\BaseConnection.php(722): CodeIgniter\Database\MySQLi\Connection->execute('SELECT `modulo`.`TITULO`, `modulo`.`ICONO`, `modulo`.`RUTA`
FROM (`modulo`, `modulo`)
JOIN `permisos_modulos` ON `permisos_modulos`.`ID_MODULO` = `modulo`.`ID_MODULO`
JOIN `rol` ON `permisos_modulos`.`ID_ROL` = `rol`.`ID_ROL`
JOIN `usuario` ON `rol`.`ID_ROL` = `usuario`.`ID_ROL`
WHERE `permisos_modulos`.`VISTA` = 1
AND `usuario`.`NOMBRE` = \'Juan\'')
 2 SYSTEMPATH\Database\BaseConnection.php(636): CodeIgniter\Database\BaseConnection->simpleQuery('SELECT `modulo`.`TITULO`, `modulo`.`ICONO`, `modulo`.`RUTA`
FROM (`modulo`, `modulo`)
JOIN `permisos_modulos` ON `permisos_modulos`.`ID_MODULO` = `modulo`.`ID_MODULO`
JOIN `rol` ON `permisos_modulos`.`ID_ROL` = `rol`.`ID_ROL`
JOIN `usuario` ON `rol`.`ID_ROL` = `usuario`.`ID_ROL`
WHERE `permisos_modulos`.`VISTA` = 1
AND `usuario`.`NOMBRE` = \'Juan\'')
 3 SYSTEMPATH\Database\BaseBuilder.php(1629): CodeIgniter\Database\BaseConnection->query('SELECT `modulo`.`TITULO`, `modulo`.`ICONO`, `modulo`.`RUTA`
FROM (`modulo`, `modulo`)
JOIN `permisos_modulos` ON `permisos_modulos`.`ID_MODULO` = `modulo`.`ID_MODULO`
JOIN `rol` ON `permisos_modulos`.`ID_ROL` = `rol`.`ID_ROL`
JOIN `usuario` ON `rol`.`ID_ROL` = `usuario`.`ID_ROL`
WHERE `permisos_modulos`.`VISTA` = :permisos_modulos.VISTA:
AND `usuario`.`NOMBRE` = :usuario.NOMBRE:', [...], false)
 4 SYSTEMPATH\Model.php(919): CodeIgniter\Database\BaseBuilder->get()
 5 APPPATH\Controllers\Home.php(35): CodeIgniter\Model->__call('get', [])
 6 SYSTEMPATH\CodeIgniter.php(933): App\Controllers\Home->index()
 7 SYSTEMPATH\CodeIgniter.php(509): CodeIgniter\CodeIgniter->runController(Object(App\Controllers\Home))
 8 SYSTEMPATH\CodeIgniter.php(355): CodeIgniter\CodeIgniter->handleRequest(null, Object(Config\Cache), false)
 9 SYSTEMPATH\Boot.php(312): CodeIgniter\CodeIgniter->run()
10 SYSTEMPATH\Boot.php(67): CodeIgniter\Boot::runCodeIgniter(Object(CodeIgniter\CodeIgniter))
11 FCPATH\index.php(56): CodeIgniter\Boot::bootWeb(Object(Config\Paths))
12 SYSTEMPATH\Commands\Server\rewrite.php(49): require_once('C:\\xampp\\htdocs\\Sinapptic\\public\\index.php')
CRITICAL - 2024-06-13 21:35:08 --> [Caused by] mysqli_sql_exception: Not unique table/alias: 'modulo'
in SYSTEMPATH\Database\MySQLi\Connection.php on line 308.
 1 SYSTEMPATH\Database\MySQLi\Connection.php(308): mysqli->query('SELECT `modulo`.`TITULO`, `modulo`.`ICONO`, `modulo`.`RUTA`
FROM (`modulo`, `modulo`)
JOIN `permisos_modulos` ON `permisos_modulos`.`ID_MODULO` = `modulo`.`ID_MODULO`
JOIN `rol` ON `permisos_modulos`.`ID_ROL` = `rol`.`ID_ROL`
JOIN `usuario` ON `rol`.`ID_ROL` = `usuario`.`ID_ROL`
WHERE `permisos_modulos`.`VISTA` = 1
AND `usuario`.`NOMBRE` = \'Juan\'', 0)
 2 SYSTEMPATH\Database\BaseConnection.php(722): CodeIgniter\Database\MySQLi\Connection->execute('SELECT `modulo`.`TITULO`, `modulo`.`ICONO`, `modulo`.`RUTA`
FROM (`modulo`, `modulo`)
JOIN `permisos_modulos` ON `permisos_modulos`.`ID_MODULO` = `modulo`.`ID_MODULO`
JOIN `rol` ON `permisos_modulos`.`ID_ROL` = `rol`.`ID_ROL`
JOIN `usuario` ON `rol`.`ID_ROL` = `usuario`.`ID_ROL`
WHERE `permisos_modulos`.`VISTA` = 1
AND `usuario`.`NOMBRE` = \'Juan\'')
 3 SYSTEMPATH\Database\BaseConnection.php(636): CodeIgniter\Database\BaseConnection->simpleQuery('SELECT `modulo`.`TITULO`, `modulo`.`ICONO`, `modulo`.`RUTA`
FROM (`modulo`, `modulo`)
JOIN `permisos_modulos` ON `permisos_modulos`.`ID_MODULO` = `modulo`.`ID_MODULO`
JOIN `rol` ON `permisos_modulos`.`ID_ROL` = `rol`.`ID_ROL`
JOIN `usuario` ON `rol`.`ID_ROL` = `usuario`.`ID_ROL`
WHERE `permisos_modulos`.`VISTA` = 1
AND `usuario`.`NOMBRE` = \'Juan\'')
 4 SYSTEMPATH\Database\BaseBuilder.php(1629): CodeIgniter\Database\BaseConnection->query('SELECT `modulo`.`TITULO`, `modulo`.`ICONO`, `modulo`.`RUTA`
FROM (`modulo`, `modulo`)
JOIN `permisos_modulos` ON `permisos_modulos`.`ID_MODULO` = `modulo`.`ID_MODULO`
JOIN `rol` ON `permisos_modulos`.`ID_ROL` = `rol`.`ID_ROL`
JOIN `usuario` ON `rol`.`ID_ROL` = `usuario`.`ID_ROL`
WHERE `permisos_modulos`.`VISTA` = :permisos_modulos.VISTA:
AND `usuario`.`NOMBRE` = :usuario.NOMBRE:', [...], false)
 5 SYSTEMPATH\Model.php(919): CodeIgniter\Database\BaseBuilder->get()
 6 APPPATH\Controllers\Home.php(35): CodeIgniter\Model->__call('get', [])
 7 SYSTEMPATH\CodeIgniter.php(933): App\Controllers\Home->index()
 8 SYSTEMPATH\CodeIgniter.php(509): CodeIgniter\CodeIgniter->runController(Object(App\Controllers\Home))
 9 SYSTEMPATH\CodeIgniter.php(355): CodeIgniter\CodeIgniter->handleRequest(null, Object(Config\Cache), false)
10 SYSTEMPATH\Boot.php(312): CodeIgniter\CodeIgniter->run()
11 SYSTEMPATH\Boot.php(67): CodeIgniter\Boot::runCodeIgniter(Object(CodeIgniter\CodeIgniter))
12 FCPATH\index.php(56): CodeIgniter\Boot::bootWeb(Object(Config\Paths))
13 SYSTEMPATH\Commands\Server\rewrite.php(49): require_once('C:\\xampp\\htdocs\\Sinapptic\\public\\index.php')
ERROR - 2024-06-13 21:36:24 --> mysqli_sql_exception: Not unique table/alias: 'modulo' in C:\xampp\htdocs\Sinapptic\system\Database\MySQLi\Connection.php:308
Stack trace:
#0 C:\xampp\htdocs\Sinapptic\system\Database\MySQLi\Connection.php(308): mysqli->query('SELECT `modulo`...', 0)
#1 C:\xampp\htdocs\Sinapptic\system\Database\BaseConnection.php(722): CodeIgniter\Database\MySQLi\Connection->execute('SELECT `modulo`...')
#2 C:\xampp\htdocs\Sinapptic\system\Database\BaseConnection.php(636): CodeIgniter\Database\BaseConnection->simpleQuery('SELECT `modulo`...')
#3 C:\xampp\htdocs\Sinapptic\system\Database\BaseBuilder.php(1629): CodeIgniter\Database\BaseConnection->query('SELECT `modulo`...', Array, false)
#4 C:\xampp\htdocs\Sinapptic\system\Model.php(919): CodeIgniter\Database\BaseBuilder->get()
#5 C:\xampp\htdocs\Sinapptic\app\Controllers\Home.php(35): CodeIgniter\Model->__call('get', Array)
#6 C:\xampp\htdocs\Sinapptic\system\CodeIgniter.php(933): App\Controllers\Home->index()
#7 C:\xampp\htdocs\Sinapptic\system\CodeIgniter.php(509): CodeIgniter\CodeIgniter->runController(Object(App\Controllers\Home))
#8 C:\xampp\htdocs\Sinapptic\system\CodeIgniter.php(355): CodeIgniter\CodeIgniter->handleRequest(NULL, Object(Config\Cache), false)
#9 C:\xampp\htdocs\Sinapptic\system\Boot.php(312): CodeIgniter\CodeIgniter->run()
#10 C:\xampp\htdocs\Sinapptic\system\Boot.php(67): CodeIgniter\Boot::runCodeIgniter(Object(CodeIgniter\CodeIgniter))
#11 C:\xampp\htdocs\Sinapptic\public\index.php(56): CodeIgniter\Boot::bootWeb(Object(Config\Paths))
#12 C:\xampp\htdocs\Sinapptic\system\Commands\Server\rewrite.php(49): require_once('C:\\xampp\\htdocs...')
#13 {main}
CRITICAL - 2024-06-13 21:36:25 --> CodeIgniter\Database\Exceptions\DatabaseException: Not unique table/alias: 'modulo'
[Method: POST, Route: modulos]
in SYSTEMPATH\Database\BaseConnection.php on line 676.
 1 SYSTEMPATH\Database\BaseBuilder.php(1629): CodeIgniter\Database\BaseConnection->query('SELECT `modulo`.`TITULO`, `modulo`.`ICONO`, `modulo`.`RUTA`
FROM (`modulo`, `modulo`)
JOIN `permisos_modulos` ON `permisos_modulos`.`ID_MODULO` = `modulo`.`ID_MODULO`
JOIN `rol` ON `permisos_modulos`.`ID_ROL` = `rol`.`ID_ROL`
JOIN `usuario` ON `rol`.`ID_ROL` = `usuario`.`ID_ROL`
WHERE `permisos_modulos`.`VISTA` = :permisos_modulos.VISTA:
AND `usuario`.`NOMBRE` = :usuario.NOMBRE:', [...], false)
 2 SYSTEMPATH\Model.php(919): CodeIgniter\Database\BaseBuilder->get()
 3 APPPATH\Controllers\Home.php(35): CodeIgniter\Model->__call('get', [])
 4 SYSTEMPATH\CodeIgniter.php(933): App\Controllers\Home->index()
 5 SYSTEMPATH\CodeIgniter.php(509): CodeIgniter\CodeIgniter->runController(Object(App\Controllers\Home))
 6 SYSTEMPATH\CodeIgniter.php(355): CodeIgniter\CodeIgniter->handleRequest(null, Object(Config\Cache), false)
 7 SYSTEMPATH\Boot.php(312): CodeIgniter\CodeIgniter->run()
 8 SYSTEMPATH\Boot.php(67): CodeIgniter\Boot::runCodeIgniter(Object(CodeIgniter\CodeIgniter))
 9 FCPATH\index.php(56): CodeIgniter\Boot::bootWeb(Object(Config\Paths))
10 SYSTEMPATH\Commands\Server\rewrite.php(49): require_once('C:\\xampp\\htdocs\\Sinapptic\\public\\index.php')
CRITICAL - 2024-06-13 21:36:25 --> [Caused by] CodeIgniter\Database\Exceptions\DatabaseException: Not unique table/alias: 'modulo'
in SYSTEMPATH\Database\MySQLi\Connection.php on line 313.
 1 SYSTEMPATH\Database\BaseConnection.php(722): CodeIgniter\Database\MySQLi\Connection->execute('SELECT `modulo`.`TITULO`, `modulo`.`ICONO`, `modulo`.`RUTA`
FROM (`modulo`, `modulo`)
JOIN `permisos_modulos` ON `permisos_modulos`.`ID_MODULO` = `modulo`.`ID_MODULO`
JOIN `rol` ON `permisos_modulos`.`ID_ROL` = `rol`.`ID_ROL`
JOIN `usuario` ON `rol`.`ID_ROL` = `usuario`.`ID_ROL`
WHERE `permisos_modulos`.`VISTA` = 1
AND `usuario`.`NOMBRE` = \'Juan\'')
 2 SYSTEMPATH\Database\BaseConnection.php(636): CodeIgniter\Database\BaseConnection->simpleQuery('SELECT `modulo`.`TITULO`, `modulo`.`ICONO`, `modulo`.`RUTA`
FROM (`modulo`, `modulo`)
JOIN `permisos_modulos` ON `permisos_modulos`.`ID_MODULO` = `modulo`.`ID_MODULO`
JOIN `rol` ON `permisos_modulos`.`ID_ROL` = `rol`.`ID_ROL`
JOIN `usuario` ON `rol`.`ID_ROL` = `usuario`.`ID_ROL`
WHERE `permisos_modulos`.`VISTA` = 1
AND `usuario`.`NOMBRE` = \'Juan\'')
 3 SYSTEMPATH\Database\BaseBuilder.php(1629): CodeIgniter\Database\BaseConnection->query('SELECT `modulo`.`TITULO`, `modulo`.`ICONO`, `modulo`.`RUTA`
FROM (`modulo`, `modulo`)
JOIN `permisos_modulos` ON `permisos_modulos`.`ID_MODULO` = `modulo`.`ID_MODULO`
JOIN `rol` ON `permisos_modulos`.`ID_ROL` = `rol`.`ID_ROL`
JOIN `usuario` ON `rol`.`ID_ROL` = `usuario`.`ID_ROL`
WHERE `permisos_modulos`.`VISTA` = :permisos_modulos.VISTA:
AND `usuario`.`NOMBRE` = :usuario.NOMBRE:', [...], false)
 4 SYSTEMPATH\Model.php(919): CodeIgniter\Database\BaseBuilder->get()
 5 APPPATH\Controllers\Home.php(35): CodeIgniter\Model->__call('get', [])
 6 SYSTEMPATH\CodeIgniter.php(933): App\Controllers\Home->index()
 7 SYSTEMPATH\CodeIgniter.php(509): CodeIgniter\CodeIgniter->runController(Object(App\Controllers\Home))
 8 SYSTEMPATH\CodeIgniter.php(355): CodeIgniter\CodeIgniter->handleRequest(null, Object(Config\Cache), false)
 9 SYSTEMPATH\Boot.php(312): CodeIgniter\CodeIgniter->run()
10 SYSTEMPATH\Boot.php(67): CodeIgniter\Boot::runCodeIgniter(Object(CodeIgniter\CodeIgniter))
11 FCPATH\index.php(56): CodeIgniter\Boot::bootWeb(Object(Config\Paths))
12 SYSTEMPATH\Commands\Server\rewrite.php(49): require_once('C:\\xampp\\htdocs\\Sinapptic\\public\\index.php')
CRITICAL - 2024-06-13 21:36:25 --> [Caused by] mysqli_sql_exception: Not unique table/alias: 'modulo'
in SYSTEMPATH\Database\MySQLi\Connection.php on line 308.
 1 SYSTEMPATH\Database\MySQLi\Connection.php(308): mysqli->query('SELECT `modulo`.`TITULO`, `modulo`.`ICONO`, `modulo`.`RUTA`
FROM (`modulo`, `modulo`)
JOIN `permisos_modulos` ON `permisos_modulos`.`ID_MODULO` = `modulo`.`ID_MODULO`
JOIN `rol` ON `permisos_modulos`.`ID_ROL` = `rol`.`ID_ROL`
JOIN `usuario` ON `rol`.`ID_ROL` = `usuario`.`ID_ROL`
WHERE `permisos_modulos`.`VISTA` = 1
AND `usuario`.`NOMBRE` = \'Juan\'', 0)
 2 SYSTEMPATH\Database\BaseConnection.php(722): CodeIgniter\Database\MySQLi\Connection->execute('SELECT `modulo`.`TITULO`, `modulo`.`ICONO`, `modulo`.`RUTA`
FROM (`modulo`, `modulo`)
JOIN `permisos_modulos` ON `permisos_modulos`.`ID_MODULO` = `modulo`.`ID_MODULO`
JOIN `rol` ON `permisos_modulos`.`ID_ROL` = `rol`.`ID_ROL`
JOIN `usuario` ON `rol`.`ID_ROL` = `usuario`.`ID_ROL`
WHERE `permisos_modulos`.`VISTA` = 1
AND `usuario`.`NOMBRE` = \'Juan\'')
 3 SYSTEMPATH\Database\BaseConnection.php(636): CodeIgniter\Database\BaseConnection->simpleQuery('SELECT `modulo`.`TITULO`, `modulo`.`ICONO`, `modulo`.`RUTA`
FROM (`modulo`, `modulo`)
JOIN `permisos_modulos` ON `permisos_modulos`.`ID_MODULO` = `modulo`.`ID_MODULO`
JOIN `rol` ON `permisos_modulos`.`ID_ROL` = `rol`.`ID_ROL`
JOIN `usuario` ON `rol`.`ID_ROL` = `usuario`.`ID_ROL`
WHERE `permisos_modulos`.`VISTA` = 1
AND `usuario`.`NOMBRE` = \'Juan\'')
 4 SYSTEMPATH\Database\BaseBuilder.php(1629): CodeIgniter\Database\BaseConnection->query('SELECT `modulo`.`TITULO`, `modulo`.`ICONO`, `modulo`.`RUTA`
FROM (`modulo`, `modulo`)
JOIN `permisos_modulos` ON `permisos_modulos`.`ID_MODULO` = `modulo`.`ID_MODULO`
JOIN `rol` ON `permisos_modulos`.`ID_ROL` = `rol`.`ID_ROL`
JOIN `usuario` ON `rol`.`ID_ROL` = `usuario`.`ID_ROL`
WHERE `permisos_modulos`.`VISTA` = :permisos_modulos.VISTA:
AND `usuario`.`NOMBRE` = :usuario.NOMBRE:', [...], false)
 5 SYSTEMPATH\Model.php(919): CodeIgniter\Database\BaseBuilder->get()
 6 APPPATH\Controllers\Home.php(35): CodeIgniter\Model->__call('get', [])
 7 SYSTEMPATH\CodeIgniter.php(933): App\Controllers\Home->index()
 8 SYSTEMPATH\CodeIgniter.php(509): CodeIgniter\CodeIgniter->runController(Object(App\Controllers\Home))
 9 SYSTEMPATH\CodeIgniter.php(355): CodeIgniter\CodeIgniter->handleRequest(null, Object(Config\Cache), false)
10 SYSTEMPATH\Boot.php(312): CodeIgniter\CodeIgniter->run()
11 SYSTEMPATH\Boot.php(67): CodeIgniter\Boot::runCodeIgniter(Object(CodeIgniter\CodeIgniter))
12 FCPATH\index.php(56): CodeIgniter\Boot::bootWeb(Object(Config\Paths))
13 SYSTEMPATH\Commands\Server\rewrite.php(49): require_once('C:\\xampp\\htdocs\\Sinapptic\\public\\index.php')
ERROR - 2024-06-13 21:37:10 --> mysqli_sql_exception: Not unique table/alias: 'modulo' in C:\xampp\htdocs\Sinapptic\system\Database\MySQLi\Connection.php:308
Stack trace:
#0 C:\xampp\htdocs\Sinapptic\system\Database\MySQLi\Connection.php(308): mysqli->query('SELECT `modulo`...', 0)
#1 C:\xampp\htdocs\Sinapptic\system\Database\BaseConnection.php(722): CodeIgniter\Database\MySQLi\Connection->execute('SELECT `modulo`...')
#2 C:\xampp\htdocs\Sinapptic\system\Database\BaseConnection.php(636): CodeIgniter\Database\BaseConnection->simpleQuery('SELECT `modulo`...')
#3 C:\xampp\htdocs\Sinapptic\system\Database\BaseBuilder.php(1629): CodeIgniter\Database\BaseConnection->query('SELECT `modulo`...', Array, false)
#4 C:\xampp\htdocs\Sinapptic\system\Model.php(919): CodeIgniter\Database\BaseBuilder->get()
#5 C:\xampp\htdocs\Sinapptic\app\Controllers\Home.php(34): CodeIgniter\Model->__call('get', Array)
#6 C:\xampp\htdocs\Sinapptic\system\CodeIgniter.php(933): App\Controllers\Home->index()
#7 C:\xampp\htdocs\Sinapptic\system\CodeIgniter.php(509): CodeIgniter\CodeIgniter->runController(Object(App\Controllers\Home))
#8 C:\xampp\htdocs\Sinapptic\system\CodeIgniter.php(355): CodeIgniter\CodeIgniter->handleRequest(NULL, Object(Config\Cache), false)
#9 C:\xampp\htdocs\Sinapptic\system\Boot.php(312): CodeIgniter\CodeIgniter->run()
#10 C:\xampp\htdocs\Sinapptic\system\Boot.php(67): CodeIgniter\Boot::runCodeIgniter(Object(CodeIgniter\CodeIgniter))
#11 C:\xampp\htdocs\Sinapptic\public\index.php(56): CodeIgniter\Boot::bootWeb(Object(Config\Paths))
#12 C:\xampp\htdocs\Sinapptic\system\Commands\Server\rewrite.php(49): require_once('C:\\xampp\\htdocs...')
#13 {main}
CRITICAL - 2024-06-13 21:37:10 --> CodeIgniter\Database\Exceptions\DatabaseException: Not unique table/alias: 'modulo'
[Method: GET, Route: /]
in SYSTEMPATH\Database\BaseConnection.php on line 676.
 1 SYSTEMPATH\Database\BaseBuilder.php(1629): CodeIgniter\Database\BaseConnection->query('SELECT `modulo`.`TITULO`, `modulo`.`ICONO`, `modulo`.`RUTA`
FROM (`modulo`, `modulo`)
JOIN `permisos_modulos` ON `permisos_modulos`.`ID_MODULO` = `modulo`.`ID_MODULO`
JOIN `rol` ON `permisos_modulos`.`ID_ROL` = `rol`.`ID_ROL`
JOIN `usuario` ON `rol`.`ID_ROL` = `usuario`.`ID_ROL`
WHERE `permisos_modulos`.`VISTA` = :permisos_modulos.VISTA:
AND `usuario`.`NOMBRE` = :usuario.NOMBRE:', [...], false)
 2 SYSTEMPATH\Model.php(919): CodeIgniter\Database\BaseBuilder->get()
 3 APPPATH\Controllers\Home.php(34): CodeIgniter\Model->__call('get', [])
 4 SYSTEMPATH\CodeIgniter.php(933): App\Controllers\Home->index()
 5 SYSTEMPATH\CodeIgniter.php(509): CodeIgniter\CodeIgniter->runController(Object(App\Controllers\Home))
 6 SYSTEMPATH\CodeIgniter.php(355): CodeIgniter\CodeIgniter->handleRequest(null, Object(Config\Cache), false)
 7 SYSTEMPATH\Boot.php(312): CodeIgniter\CodeIgniter->run()
 8 SYSTEMPATH\Boot.php(67): CodeIgniter\Boot::runCodeIgniter(Object(CodeIgniter\CodeIgniter))
 9 FCPATH\index.php(56): CodeIgniter\Boot::bootWeb(Object(Config\Paths))
10 SYSTEMPATH\Commands\Server\rewrite.php(49): require_once('C:\\xampp\\htdocs\\Sinapptic\\public\\index.php')
CRITICAL - 2024-06-13 21:37:10 --> [Caused by] CodeIgniter\Database\Exceptions\DatabaseException: Not unique table/alias: 'modulo'
in SYSTEMPATH\Database\MySQLi\Connection.php on line 313.
 1 SYSTEMPATH\Database\BaseConnection.php(722): CodeIgniter\Database\MySQLi\Connection->execute('SELECT `modulo`.`TITULO`, `modulo`.`ICONO`, `modulo`.`RUTA`
FROM (`modulo`, `modulo`)
JOIN `permisos_modulos` ON `permisos_modulos`.`ID_MODULO` = `modulo`.`ID_MODULO`
JOIN `rol` ON `permisos_modulos`.`ID_ROL` = `rol`.`ID_ROL`
JOIN `usuario` ON `rol`.`ID_ROL` = `usuario`.`ID_ROL`
WHERE `permisos_modulos`.`VISTA` = 1
AND `usuario`.`NOMBRE` = \'Juan\'')
 2 SYSTEMPATH\Database\BaseConnection.php(636): CodeIgniter\Database\BaseConnection->simpleQuery('SELECT `modulo`.`TITULO`, `modulo`.`ICONO`, `modulo`.`RUTA`
FROM (`modulo`, `modulo`)
JOIN `permisos_modulos` ON `permisos_modulos`.`ID_MODULO` = `modulo`.`ID_MODULO`
JOIN `rol` ON `permisos_modulos`.`ID_ROL` = `rol`.`ID_ROL`
JOIN `usuario` ON `rol`.`ID_ROL` = `usuario`.`ID_ROL`
WHERE `permisos_modulos`.`VISTA` = 1
AND `usuario`.`NOMBRE` = \'Juan\'')
 3 SYSTEMPATH\Database\BaseBuilder.php(1629): CodeIgniter\Database\BaseConnection->query('SELECT `modulo`.`TITULO`, `modulo`.`ICONO`, `modulo`.`RUTA`
FROM (`modulo`, `modulo`)
JOIN `permisos_modulos` ON `permisos_modulos`.`ID_MODULO` = `modulo`.`ID_MODULO`
JOIN `rol` ON `permisos_modulos`.`ID_ROL` = `rol`.`ID_ROL`
JOIN `usuario` ON `rol`.`ID_ROL` = `usuario`.`ID_ROL`
WHERE `permisos_modulos`.`VISTA` = :permisos_modulos.VISTA:
AND `usuario`.`NOMBRE` = :usuario.NOMBRE:', [...], false)
 4 SYSTEMPATH\Model.php(919): CodeIgniter\Database\BaseBuilder->get()
 5 APPPATH\Controllers\Home.php(34): CodeIgniter\Model->__call('get', [])
 6 SYSTEMPATH\CodeIgniter.php(933): App\Controllers\Home->index()
 7 SYSTEMPATH\CodeIgniter.php(509): CodeIgniter\CodeIgniter->runController(Object(App\Controllers\Home))
 8 SYSTEMPATH\CodeIgniter.php(355): CodeIgniter\CodeIgniter->handleRequest(null, Object(Config\Cache), false)
 9 SYSTEMPATH\Boot.php(312): CodeIgniter\CodeIgniter->run()
10 SYSTEMPATH\Boot.php(67): CodeIgniter\Boot::runCodeIgniter(Object(CodeIgniter\CodeIgniter))
11 FCPATH\index.php(56): CodeIgniter\Boot::bootWeb(Object(Config\Paths))
12 SYSTEMPATH\Commands\Server\rewrite.php(49): require_once('C:\\xampp\\htdocs\\Sinapptic\\public\\index.php')
CRITICAL - 2024-06-13 21:37:10 --> [Caused by] mysqli_sql_exception: Not unique table/alias: 'modulo'
in SYSTEMPATH\Database\MySQLi\Connection.php on line 308.
 1 SYSTEMPATH\Database\MySQLi\Connection.php(308): mysqli->query('SELECT `modulo`.`TITULO`, `modulo`.`ICONO`, `modulo`.`RUTA`
FROM (`modulo`, `modulo`)
JOIN `permisos_modulos` ON `permisos_modulos`.`ID_MODULO` = `modulo`.`ID_MODULO`
JOIN `rol` ON `permisos_modulos`.`ID_ROL` = `rol`.`ID_ROL`
JOIN `usuario` ON `rol`.`ID_ROL` = `usuario`.`ID_ROL`
WHERE `permisos_modulos`.`VISTA` = 1
AND `usuario`.`NOMBRE` = \'Juan\'', 0)
 2 SYSTEMPATH\Database\BaseConnection.php(722): CodeIgniter\Database\MySQLi\Connection->execute('SELECT `modulo`.`TITULO`, `modulo`.`ICONO`, `modulo`.`RUTA`
FROM (`modulo`, `modulo`)
JOIN `permisos_modulos` ON `permisos_modulos`.`ID_MODULO` = `modulo`.`ID_MODULO`
JOIN `rol` ON `permisos_modulos`.`ID_ROL` = `rol`.`ID_ROL`
JOIN `usuario` ON `rol`.`ID_ROL` = `usuario`.`ID_ROL`
WHERE `permisos_modulos`.`VISTA` = 1
AND `usuario`.`NOMBRE` = \'Juan\'')
 3 SYSTEMPATH\Database\BaseConnection.php(636): CodeIgniter\Database\BaseConnection->simpleQuery('SELECT `modulo`.`TITULO`, `modulo`.`ICONO`, `modulo`.`RUTA`
FROM (`modulo`, `modulo`)
JOIN `permisos_modulos` ON `permisos_modulos`.`ID_MODULO` = `modulo`.`ID_MODULO`
JOIN `rol` ON `permisos_modulos`.`ID_ROL` = `rol`.`ID_ROL`
JOIN `usuario` ON `rol`.`ID_ROL` = `usuario`.`ID_ROL`
WHERE `permisos_modulos`.`VISTA` = 1
AND `usuario`.`NOMBRE` = \'Juan\'')
 4 SYSTEMPATH\Database\BaseBuilder.php(1629): CodeIgniter\Database\BaseConnection->query('SELECT `modulo`.`TITULO`, `modulo`.`ICONO`, `modulo`.`RUTA`
FROM (`modulo`, `modulo`)
JOIN `permisos_modulos` ON `permisos_modulos`.`ID_MODULO` = `modulo`.`ID_MODULO`
JOIN `rol` ON `permisos_modulos`.`ID_ROL` = `rol`.`ID_ROL`
JOIN `usuario` ON `rol`.`ID_ROL` = `usuario`.`ID_ROL`
WHERE `permisos_modulos`.`VISTA` = :permisos_modulos.VISTA:
AND `usuario`.`NOMBRE` = :usuario.NOMBRE:', [...], false)
 5 SYSTEMPATH\Model.php(919): CodeIgniter\Database\BaseBuilder->get()
 6 APPPATH\Controllers\Home.php(34): CodeIgniter\Model->__call('get', [])
 7 SYSTEMPATH\CodeIgniter.php(933): App\Controllers\Home->index()
 8 SYSTEMPATH\CodeIgniter.php(509): CodeIgniter\CodeIgniter->runController(Object(App\Controllers\Home))
 9 SYSTEMPATH\CodeIgniter.php(355): CodeIgniter\CodeIgniter->handleRequest(null, Object(Config\Cache), false)
10 SYSTEMPATH\Boot.php(312): CodeIgniter\CodeIgniter->run()
11 SYSTEMPATH\Boot.php(67): CodeIgniter\Boot::runCodeIgniter(Object(CodeIgniter\CodeIgniter))
12 FCPATH\index.php(56): CodeIgniter\Boot::bootWeb(Object(Config\Paths))
13 SYSTEMPATH\Commands\Server\rewrite.php(49): require_once('C:\\xampp\\htdocs\\Sinapptic\\public\\index.php')
CRITICAL - 2024-06-13 21:37:47 --> ParseError: syntax error, unexpected token "return"
[Method: GET, Route: /]
in APPPATH\Controllers\Home.php on line 31.
 1 SYSTEMPATH\Autoloader\Autoloader.php(296): CodeIgniter\Autoloader\Autoloader->includeFile('C:\\xampp\\htdocs\\Sinapptic\\app\\Controllers\\Home.php')
 2 SYSTEMPATH\Autoloader\Autoloader.php(272): CodeIgniter\Autoloader\Autoloader->loadInNamespace('App\\Controllers\\Home')
 3 [internal function]: CodeIgniter\Autoloader\Autoloader->loadClass('App\\Controllers\\Home')
 4 SYSTEMPATH\CodeIgniter.php(887): class_exists('\\App\\Controllers\\Home', true)
 5 SYSTEMPATH\CodeIgniter.php(496): CodeIgniter\CodeIgniter->startController()
 6 SYSTEMPATH\CodeIgniter.php(355): CodeIgniter\CodeIgniter->handleRequest(null, Object(Config\Cache), false)
 7 SYSTEMPATH\Boot.php(312): CodeIgniter\CodeIgniter->run()
 8 SYSTEMPATH\Boot.php(67): CodeIgniter\Boot::runCodeIgniter(Object(CodeIgniter\CodeIgniter))
 9 FCPATH\index.php(56): CodeIgniter\Boot::bootWeb(Object(Config\Paths))
10 SYSTEMPATH\Commands\Server\rewrite.php(49): require_once('C:\\xampp\\htdocs\\Sinapptic\\public\\index.php')
ERROR - 2024-06-13 21:38:53 --> mysqli_sql_exception: Not unique table/alias: 'modulo' in C:\xampp\htdocs\Sinapptic\system\Database\MySQLi\Connection.php:308
Stack trace:
#0 C:\xampp\htdocs\Sinapptic\system\Database\MySQLi\Connection.php(308): mysqli->query('SELECT `TITULO`...', 0)
#1 C:\xampp\htdocs\Sinapptic\system\Database\BaseConnection.php(722): CodeIgniter\Database\MySQLi\Connection->execute('SELECT `TITULO`...')
#2 C:\xampp\htdocs\Sinapptic\system\Database\BaseConnection.php(636): CodeIgniter\Database\BaseConnection->simpleQuery('SELECT `TITULO`...')
#3 C:\xampp\htdocs\Sinapptic\system\Database\BaseBuilder.php(1629): CodeIgniter\Database\BaseConnection->query('SELECT `TITULO`...', Array, false)
#4 C:\xampp\htdocs\Sinapptic\system\Model.php(919): CodeIgniter\Database\BaseBuilder->get()
#5 C:\xampp\htdocs\Sinapptic\app\Controllers\Home.php(30): CodeIgniter\Model->__call('get', Array)
#6 C:\xampp\htdocs\Sinapptic\system\CodeIgniter.php(933): App\Controllers\Home->index()
#7 C:\xampp\htdocs\Sinapptic\system\CodeIgniter.php(509): CodeIgniter\CodeIgniter->runController(Object(App\Controllers\Home))
#8 C:\xampp\htdocs\Sinapptic\system\CodeIgniter.php(355): CodeIgniter\CodeIgniter->handleRequest(NULL, Object(Config\Cache), false)
#9 C:\xampp\htdocs\Sinapptic\system\Boot.php(312): CodeIgniter\CodeIgniter->run()
#10 C:\xampp\htdocs\Sinapptic\system\Boot.php(67): CodeIgniter\Boot::runCodeIgniter(Object(CodeIgniter\CodeIgniter))
#11 C:\xampp\htdocs\Sinapptic\public\index.php(56): CodeIgniter\Boot::bootWeb(Object(Config\Paths))
#12 C:\xampp\htdocs\Sinapptic\system\Commands\Server\rewrite.php(49): require_once('C:\\xampp\\htdocs...')
#13 {main}
CRITICAL - 2024-06-13 21:38:53 --> CodeIgniter\Database\Exceptions\DatabaseException: Not unique table/alias: 'modulo'
[Method: GET, Route: /]
in SYSTEMPATH\Database\BaseConnection.php on line 676.
 1 SYSTEMPATH\Database\BaseBuilder.php(1629): CodeIgniter\Database\BaseConnection->query('SELECT `TITULO`, `ICONO`, `RUTA`
FROM `modulo`, `modulo`', [], false)
 2 SYSTEMPATH\Model.php(919): CodeIgniter\Database\BaseBuilder->get()
 3 APPPATH\Controllers\Home.php(30): CodeIgniter\Model->__call('get', [])
 4 SYSTEMPATH\CodeIgniter.php(933): App\Controllers\Home->index()
 5 SYSTEMPATH\CodeIgniter.php(509): CodeIgniter\CodeIgniter->runController(Object(App\Controllers\Home))
 6 SYSTEMPATH\CodeIgniter.php(355): CodeIgniter\CodeIgniter->handleRequest(null, Object(Config\Cache), false)
 7 SYSTEMPATH\Boot.php(312): CodeIgniter\CodeIgniter->run()
 8 SYSTEMPATH\Boot.php(67): CodeIgniter\Boot::runCodeIgniter(Object(CodeIgniter\CodeIgniter))
 9 FCPATH\index.php(56): CodeIgniter\Boot::bootWeb(Object(Config\Paths))
10 SYSTEMPATH\Commands\Server\rewrite.php(49): require_once('C:\\xampp\\htdocs\\Sinapptic\\public\\index.php')
CRITICAL - 2024-06-13 21:38:53 --> [Caused by] CodeIgniter\Database\Exceptions\DatabaseException: Not unique table/alias: 'modulo'
in SYSTEMPATH\Database\MySQLi\Connection.php on line 313.
 1 SYSTEMPATH\Database\BaseConnection.php(722): CodeIgniter\Database\MySQLi\Connection->execute('SELECT `TITULO`, `ICONO`, `RUTA`
FROM `modulo`, `modulo`')
 2 SYSTEMPATH\Database\BaseConnection.php(636): CodeIgniter\Database\BaseConnection->simpleQuery('SELECT `TITULO`, `ICONO`, `RUTA`
FROM `modulo`, `modulo`')
 3 SYSTEMPATH\Database\BaseBuilder.php(1629): CodeIgniter\Database\BaseConnection->query('SELECT `TITULO`, `ICONO`, `RUTA`
FROM `modulo`, `modulo`', [], false)
 4 SYSTEMPATH\Model.php(919): CodeIgniter\Database\BaseBuilder->get()
 5 APPPATH\Controllers\Home.php(30): CodeIgniter\Model->__call('get', [])
 6 SYSTEMPATH\CodeIgniter.php(933): App\Controllers\Home->index()
 7 SYSTEMPATH\CodeIgniter.php(509): CodeIgniter\CodeIgniter->runController(Object(App\Controllers\Home))
 8 SYSTEMPATH\CodeIgniter.php(355): CodeIgniter\CodeIgniter->handleRequest(null, Object(Config\Cache), false)
 9 SYSTEMPATH\Boot.php(312): CodeIgniter\CodeIgniter->run()
10 SYSTEMPATH\Boot.php(67): CodeIgniter\Boot::runCodeIgniter(Object(CodeIgniter\CodeIgniter))
11 FCPATH\index.php(56): CodeIgniter\Boot::bootWeb(Object(Config\Paths))
12 SYSTEMPATH\Commands\Server\rewrite.php(49): require_once('C:\\xampp\\htdocs\\Sinapptic\\public\\index.php')
CRITICAL - 2024-06-13 21:38:53 --> [Caused by] mysqli_sql_exception: Not unique table/alias: 'modulo'
in SYSTEMPATH\Database\MySQLi\Connection.php on line 308.
 1 SYSTEMPATH\Database\MySQLi\Connection.php(308): mysqli->query('SELECT `TITULO`, `ICONO`, `RUTA`
FROM `modulo`, `modulo`', 0)
 2 SYSTEMPATH\Database\BaseConnection.php(722): CodeIgniter\Database\MySQLi\Connection->execute('SELECT `TITULO`, `ICONO`, `RUTA`
FROM `modulo`, `modulo`')
 3 SYSTEMPATH\Database\BaseConnection.php(636): CodeIgniter\Database\BaseConnection->simpleQuery('SELECT `TITULO`, `ICONO`, `RUTA`
FROM `modulo`, `modulo`')
 4 SYSTEMPATH\Database\BaseBuilder.php(1629): CodeIgniter\Database\BaseConnection->query('SELECT `TITULO`, `ICONO`, `RUTA`
FROM `modulo`, `modulo`', [], false)
 5 SYSTEMPATH\Model.php(919): CodeIgniter\Database\BaseBuilder->get()
 6 APPPATH\Controllers\Home.php(30): CodeIgniter\Model->__call('get', [])
 7 SYSTEMPATH\CodeIgniter.php(933): App\Controllers\Home->index()
 8 SYSTEMPATH\CodeIgniter.php(509): CodeIgniter\CodeIgniter->runController(Object(App\Controllers\Home))
 9 SYSTEMPATH\CodeIgniter.php(355): CodeIgniter\CodeIgniter->handleRequest(null, Object(Config\Cache), false)
10 SYSTEMPATH\Boot.php(312): CodeIgniter\CodeIgniter->run()
11 SYSTEMPATH\Boot.php(67): CodeIgniter\Boot::runCodeIgniter(Object(CodeIgniter\CodeIgniter))
12 FCPATH\index.php(56): CodeIgniter\Boot::bootWeb(Object(Config\Paths))
13 SYSTEMPATH\Commands\Server\rewrite.php(49): require_once('C:\\xampp\\htdocs\\Sinapptic\\public\\index.php')
ERROR - 2024-06-13 21:42:57 --> mysqli_sql_exception: Not unique table/alias: 'modulo' in C:\xampp\htdocs\Sinapptic\system\Database\MySQLi\Connection.php:308
Stack trace:
#0 C:\xampp\htdocs\Sinapptic\system\Database\MySQLi\Connection.php(308): mysqli->query('SELECT `TITULO`...', 0)
#1 C:\xampp\htdocs\Sinapptic\system\Database\BaseConnection.php(722): CodeIgniter\Database\MySQLi\Connection->execute('SELECT `TITULO`...')
#2 C:\xampp\htdocs\Sinapptic\system\Database\BaseConnection.php(636): CodeIgniter\Database\BaseConnection->simpleQuery('SELECT `TITULO`...')
#3 C:\xampp\htdocs\Sinapptic\system\Database\BaseBuilder.php(1629): CodeIgniter\Database\BaseConnection->query('SELECT `TITULO`...', Array, false)
#4 C:\xampp\htdocs\Sinapptic\system\Model.php(919): CodeIgniter\Database\BaseBuilder->get()
#5 C:\xampp\htdocs\Sinapptic\app\Controllers\Home.php(31): CodeIgniter\Model->__call('get', Array)
#6 C:\xampp\htdocs\Sinapptic\system\CodeIgniter.php(933): App\Controllers\Home->index()
#7 C:\xampp\htdocs\Sinapptic\system\CodeIgniter.php(509): CodeIgniter\CodeIgniter->runController(Object(App\Controllers\Home))
#8 C:\xampp\htdocs\Sinapptic\system\CodeIgniter.php(355): CodeIgniter\CodeIgniter->handleRequest(NULL, Object(Config\Cache), false)
#9 C:\xampp\htdocs\Sinapptic\system\Boot.php(312): CodeIgniter\CodeIgniter->run()
#10 C:\xampp\htdocs\Sinapptic\system\Boot.php(67): CodeIgniter\Boot::runCodeIgniter(Object(CodeIgniter\CodeIgniter))
#11 C:\xampp\htdocs\Sinapptic\public\index.php(56): CodeIgniter\Boot::bootWeb(Object(Config\Paths))
#12 C:\xampp\htdocs\Sinapptic\system\Commands\Server\rewrite.php(49): require_once('C:\\xampp\\htdocs...')
#13 {main}
CRITICAL - 2024-06-13 21:42:57 --> CodeIgniter\Database\Exceptions\DatabaseException: Not unique table/alias: 'modulo'
[Method: POST, Route: modulos]
in SYSTEMPATH\Database\BaseConnection.php on line 676.
 1 SYSTEMPATH\Database\BaseBuilder.php(1629): CodeIgniter\Database\BaseConnection->query('SELECT `TITULO`, `ICONO`, `RUTA`
FROM (`modulo`, `modulo`)
JOIN `permisos_modulos` ON `permisos_modulos`.`ID_MODULO` = `modulo`.`ID_MODULO`
JOIN `rol` ON `permisos_modulos`.`ID_ROL` = `rol`.`ID_ROL`
JOIN `usuario` ON `rol`.`ID_ROL` = `usuario`.`ID_ROL`
WHERE `permisos_modulos`.`VISTA` = :permisos_modulos.VISTA:
AND `usuario`.`NOMBRE` = :usuario.NOMBRE:', [...], false)
 2 SYSTEMPATH\Model.php(919): CodeIgniter\Database\BaseBuilder->get()
 3 APPPATH\Controllers\Home.php(31): CodeIgniter\Model->__call('get', [])
 4 SYSTEMPATH\CodeIgniter.php(933): App\Controllers\Home->index()
 5 SYSTEMPATH\CodeIgniter.php(509): CodeIgniter\CodeIgniter->runController(Object(App\Controllers\Home))
 6 SYSTEMPATH\CodeIgniter.php(355): CodeIgniter\CodeIgniter->handleRequest(null, Object(Config\Cache), false)
 7 SYSTEMPATH\Boot.php(312): CodeIgniter\CodeIgniter->run()
 8 SYSTEMPATH\Boot.php(67): CodeIgniter\Boot::runCodeIgniter(Object(CodeIgniter\CodeIgniter))
 9 FCPATH\index.php(56): CodeIgniter\Boot::bootWeb(Object(Config\Paths))
10 SYSTEMPATH\Commands\Server\rewrite.php(49): require_once('C:\\xampp\\htdocs\\Sinapptic\\public\\index.php')
CRITICAL - 2024-06-13 21:42:57 --> [Caused by] CodeIgniter\Database\Exceptions\DatabaseException: Not unique table/alias: 'modulo'
in SYSTEMPATH\Database\MySQLi\Connection.php on line 313.
 1 SYSTEMPATH\Database\BaseConnection.php(722): CodeIgniter\Database\MySQLi\Connection->execute('SELECT `TITULO`, `ICONO`, `RUTA`
FROM (`modulo`, `modulo`)
JOIN `permisos_modulos` ON `permisos_modulos`.`ID_MODULO` = `modulo`.`ID_MODULO`
JOIN `rol` ON `permisos_modulos`.`ID_ROL` = `rol`.`ID_ROL`
JOIN `usuario` ON `rol`.`ID_ROL` = `usuario`.`ID_ROL`
WHERE `permisos_modulos`.`VISTA` = 1
AND `usuario`.`NOMBRE` = \'Juan\'')
 2 SYSTEMPATH\Database\BaseConnection.php(636): CodeIgniter\Database\BaseConnection->simpleQuery('SELECT `TITULO`, `ICONO`, `RUTA`
FROM (`modulo`, `modulo`)
JOIN `permisos_modulos` ON `permisos_modulos`.`ID_MODULO` = `modulo`.`ID_MODULO`
JOIN `rol` ON `permisos_modulos`.`ID_ROL` = `rol`.`ID_ROL`
JOIN `usuario` ON `rol`.`ID_ROL` = `usuario`.`ID_ROL`
WHERE `permisos_modulos`.`VISTA` = 1
AND `usuario`.`NOMBRE` = \'Juan\'')
 3 SYSTEMPATH\Database\BaseBuilder.php(1629): CodeIgniter\Database\BaseConnection->query('SELECT `TITULO`, `ICONO`, `RUTA`
FROM (`modulo`, `modulo`)
JOIN `permisos_modulos` ON `permisos_modulos`.`ID_MODULO` = `modulo`.`ID_MODULO`
JOIN `rol` ON `permisos_modulos`.`ID_ROL` = `rol`.`ID_ROL`
JOIN `usuario` ON `rol`.`ID_ROL` = `usuario`.`ID_ROL`
WHERE `permisos_modulos`.`VISTA` = :permisos_modulos.VISTA:
AND `usuario`.`NOMBRE` = :usuario.NOMBRE:', [...], false)
 4 SYSTEMPATH\Model.php(919): CodeIgniter\Database\BaseBuilder->get()
 5 APPPATH\Controllers\Home.php(31): CodeIgniter\Model->__call('get', [])
 6 SYSTEMPATH\CodeIgniter.php(933): App\Controllers\Home->index()
 7 SYSTEMPATH\CodeIgniter.php(509): CodeIgniter\CodeIgniter->runController(Object(App\Controllers\Home))
 8 SYSTEMPATH\CodeIgniter.php(355): CodeIgniter\CodeIgniter->handleRequest(null, Object(Config\Cache), false)
 9 SYSTEMPATH\Boot.php(312): CodeIgniter\CodeIgniter->run()
10 SYSTEMPATH\Boot.php(67): CodeIgniter\Boot::runCodeIgniter(Object(CodeIgniter\CodeIgniter))
11 FCPATH\index.php(56): CodeIgniter\Boot::bootWeb(Object(Config\Paths))
12 SYSTEMPATH\Commands\Server\rewrite.php(49): require_once('C:\\xampp\\htdocs\\Sinapptic\\public\\index.php')
CRITICAL - 2024-06-13 21:42:57 --> [Caused by] mysqli_sql_exception: Not unique table/alias: 'modulo'
in SYSTEMPATH\Database\MySQLi\Connection.php on line 308.
 1 SYSTEMPATH\Database\MySQLi\Connection.php(308): mysqli->query('SELECT `TITULO`, `ICONO`, `RUTA`
FROM (`modulo`, `modulo`)
JOIN `permisos_modulos` ON `permisos_modulos`.`ID_MODULO` = `modulo`.`ID_MODULO`
JOIN `rol` ON `permisos_modulos`.`ID_ROL` = `rol`.`ID_ROL`
JOIN `usuario` ON `rol`.`ID_ROL` = `usuario`.`ID_ROL`
WHERE `permisos_modulos`.`VISTA` = 1
AND `usuario`.`NOMBRE` = \'Juan\'', 0)
 2 SYSTEMPATH\Database\BaseConnection.php(722): CodeIgniter\Database\MySQLi\Connection->execute('SELECT `TITULO`, `ICONO`, `RUTA`
FROM (`modulo`, `modulo`)
JOIN `permisos_modulos` ON `permisos_modulos`.`ID_MODULO` = `modulo`.`ID_MODULO`
JOIN `rol` ON `permisos_modulos`.`ID_ROL` = `rol`.`ID_ROL`
JOIN `usuario` ON `rol`.`ID_ROL` = `usuario`.`ID_ROL`
WHERE `permisos_modulos`.`VISTA` = 1
AND `usuario`.`NOMBRE` = \'Juan\'')
 3 SYSTEMPATH\Database\BaseConnection.php(636): CodeIgniter\Database\BaseConnection->simpleQuery('SELECT `TITULO`, `ICONO`, `RUTA`
FROM (`modulo`, `modulo`)
JOIN `permisos_modulos` ON `permisos_modulos`.`ID_MODULO` = `modulo`.`ID_MODULO`
JOIN `rol` ON `permisos_modulos`.`ID_ROL` = `rol`.`ID_ROL`
JOIN `usuario` ON `rol`.`ID_ROL` = `usuario`.`ID_ROL`
WHERE `permisos_modulos`.`VISTA` = 1
AND `usuario`.`NOMBRE` = \'Juan\'')
 4 SYSTEMPATH\Database\BaseBuilder.php(1629): CodeIgniter\Database\BaseConnection->query('SELECT `TITULO`, `ICONO`, `RUTA`
FROM (`modulo`, `modulo`)
JOIN `permisos_modulos` ON `permisos_modulos`.`ID_MODULO` = `modulo`.`ID_MODULO`
JOIN `rol` ON `permisos_modulos`.`ID_ROL` = `rol`.`ID_ROL`
JOIN `usuario` ON `rol`.`ID_ROL` = `usuario`.`ID_ROL`
WHERE `permisos_modulos`.`VISTA` = :permisos_modulos.VISTA:
AND `usuario`.`NOMBRE` = :usuario.NOMBRE:', [...], false)
 5 SYSTEMPATH\Model.php(919): CodeIgniter\Database\BaseBuilder->get()
 6 APPPATH\Controllers\Home.php(31): CodeIgniter\Model->__call('get', [])
 7 SYSTEMPATH\CodeIgniter.php(933): App\Controllers\Home->index()
 8 SYSTEMPATH\CodeIgniter.php(509): CodeIgniter\CodeIgniter->runController(Object(App\Controllers\Home))
 9 SYSTEMPATH\CodeIgniter.php(355): CodeIgniter\CodeIgniter->handleRequest(null, Object(Config\Cache), false)
10 SYSTEMPATH\Boot.php(312): CodeIgniter\CodeIgniter->run()
11 SYSTEMPATH\Boot.php(67): CodeIgniter\Boot::runCodeIgniter(Object(CodeIgniter\CodeIgniter))
12 FCPATH\index.php(56): CodeIgniter\Boot::bootWeb(Object(Config\Paths))
13 SYSTEMPATH\Commands\Server\rewrite.php(49): require_once('C:\\xampp\\htdocs\\Sinapptic\\public\\index.php')
ERROR - 2024-06-13 21:44:18 --> mysqli_sql_exception: Not unique table/alias: 'modulo' in C:\xampp\htdocs\Sinapptic\system\Database\MySQLi\Connection.php:308
Stack trace:
#0 C:\xampp\htdocs\Sinapptic\system\Database\MySQLi\Connection.php(308): mysqli->query('SELECT `TITULO`...', 0)
#1 C:\xampp\htdocs\Sinapptic\system\Database\BaseConnection.php(722): CodeIgniter\Database\MySQLi\Connection->execute('SELECT `TITULO`...')
#2 C:\xampp\htdocs\Sinapptic\system\Database\BaseConnection.php(636): CodeIgniter\Database\BaseConnection->simpleQuery('SELECT `TITULO`...')
#3 C:\xampp\htdocs\Sinapptic\system\Database\BaseBuilder.php(1629): CodeIgniter\Database\BaseConnection->query('SELECT `TITULO`...', Array, false)
#4 C:\xampp\htdocs\Sinapptic\system\Model.php(919): CodeIgniter\Database\BaseBuilder->get()
#5 C:\xampp\htdocs\Sinapptic\app\Controllers\Home.php(31): CodeIgniter\Model->__call('get', Array)
#6 C:\xampp\htdocs\Sinapptic\system\CodeIgniter.php(933): App\Controllers\Home->index()
#7 C:\xampp\htdocs\Sinapptic\system\CodeIgniter.php(509): CodeIgniter\CodeIgniter->runController(Object(App\Controllers\Home))
#8 C:\xampp\htdocs\Sinapptic\system\CodeIgniter.php(355): CodeIgniter\CodeIgniter->handleRequest(NULL, Object(Config\Cache), false)
#9 C:\xampp\htdocs\Sinapptic\system\Boot.php(312): CodeIgniter\CodeIgniter->run()
#10 C:\xampp\htdocs\Sinapptic\system\Boot.php(67): CodeIgniter\Boot::runCodeIgniter(Object(CodeIgniter\CodeIgniter))
#11 C:\xampp\htdocs\Sinapptic\public\index.php(56): CodeIgniter\Boot::bootWeb(Object(Config\Paths))
#12 C:\xampp\htdocs\Sinapptic\system\Commands\Server\rewrite.php(49): require_once('C:\\xampp\\htdocs...')
#13 {main}
CRITICAL - 2024-06-13 21:44:19 --> CodeIgniter\Database\Exceptions\DatabaseException: Not unique table/alias: 'modulo'
[Method: GET, Route: modulos]
in SYSTEMPATH\Database\BaseConnection.php on line 676.
 1 SYSTEMPATH\Database\BaseBuilder.php(1629): CodeIgniter\Database\BaseConnection->query('SELECT `TITULO`, `ICONO`, `RUTA`
FROM (`modulo`, `modulo`)
JOIN `permisos_modulos` ON `permisos_modulos`.`ID_MODULO` = `modulo`.`ID_MODULO`
JOIN `rol` ON `permisos_modulos`.`ID_ROL` = `rol`.`ID_ROL`
JOIN `usuario` ON `rol`.`ID_ROL` = `usuario`.`ID_ROL`
WHERE `permisos_modulos`.`VISTA` = :permisos_modulos.VISTA:
AND `usuario`.`NOMBRE` = :usuario.NOMBRE:', [...], false)
 2 SYSTEMPATH\Model.php(919): CodeIgniter\Database\BaseBuilder->get()
 3 APPPATH\Controllers\Home.php(31): CodeIgniter\Model->__call('get', [])
 4 SYSTEMPATH\CodeIgniter.php(933): App\Controllers\Home->index()
 5 SYSTEMPATH\CodeIgniter.php(509): CodeIgniter\CodeIgniter->runController(Object(App\Controllers\Home))
 6 SYSTEMPATH\CodeIgniter.php(355): CodeIgniter\CodeIgniter->handleRequest(null, Object(Config\Cache), false)
 7 SYSTEMPATH\Boot.php(312): CodeIgniter\CodeIgniter->run()
 8 SYSTEMPATH\Boot.php(67): CodeIgniter\Boot::runCodeIgniter(Object(CodeIgniter\CodeIgniter))
 9 FCPATH\index.php(56): CodeIgniter\Boot::bootWeb(Object(Config\Paths))
10 SYSTEMPATH\Commands\Server\rewrite.php(49): require_once('C:\\xampp\\htdocs\\Sinapptic\\public\\index.php')
CRITICAL - 2024-06-13 21:44:19 --> [Caused by] CodeIgniter\Database\Exceptions\DatabaseException: Not unique table/alias: 'modulo'
in SYSTEMPATH\Database\MySQLi\Connection.php on line 313.
 1 SYSTEMPATH\Database\BaseConnection.php(722): CodeIgniter\Database\MySQLi\Connection->execute('SELECT `TITULO`, `ICONO`, `RUTA`
FROM (`modulo`, `modulo`)
JOIN `permisos_modulos` ON `permisos_modulos`.`ID_MODULO` = `modulo`.`ID_MODULO`
JOIN `rol` ON `permisos_modulos`.`ID_ROL` = `rol`.`ID_ROL`
JOIN `usuario` ON `rol`.`ID_ROL` = `usuario`.`ID_ROL`
WHERE `permisos_modulos`.`VISTA` = 1
AND `usuario`.`NOMBRE` = \'Juan\'')
 2 SYSTEMPATH\Database\BaseConnection.php(636): CodeIgniter\Database\BaseConnection->simpleQuery('SELECT `TITULO`, `ICONO`, `RUTA`
FROM (`modulo`, `modulo`)
JOIN `permisos_modulos` ON `permisos_modulos`.`ID_MODULO` = `modulo`.`ID_MODULO`
JOIN `rol` ON `permisos_modulos`.`ID_ROL` = `rol`.`ID_ROL`
JOIN `usuario` ON `rol`.`ID_ROL` = `usuario`.`ID_ROL`
WHERE `permisos_modulos`.`VISTA` = 1
AND `usuario`.`NOMBRE` = \'Juan\'')
 3 SYSTEMPATH\Database\BaseBuilder.php(1629): CodeIgniter\Database\BaseConnection->query('SELECT `TITULO`, `ICONO`, `RUTA`
FROM (`modulo`, `modulo`)
JOIN `permisos_modulos` ON `permisos_modulos`.`ID_MODULO` = `modulo`.`ID_MODULO`
JOIN `rol` ON `permisos_modulos`.`ID_ROL` = `rol`.`ID_ROL`
JOIN `usuario` ON `rol`.`ID_ROL` = `usuario`.`ID_ROL`
WHERE `permisos_modulos`.`VISTA` = :permisos_modulos.VISTA:
AND `usuario`.`NOMBRE` = :usuario.NOMBRE:', [...], false)
 4 SYSTEMPATH\Model.php(919): CodeIgniter\Database\BaseBuilder->get()
 5 APPPATH\Controllers\Home.php(31): CodeIgniter\Model->__call('get', [])
 6 SYSTEMPATH\CodeIgniter.php(933): App\Controllers\Home->index()
 7 SYSTEMPATH\CodeIgniter.php(509): CodeIgniter\CodeIgniter->runController(Object(App\Controllers\Home))
 8 SYSTEMPATH\CodeIgniter.php(355): CodeIgniter\CodeIgniter->handleRequest(null, Object(Config\Cache), false)
 9 SYSTEMPATH\Boot.php(312): CodeIgniter\CodeIgniter->run()
10 SYSTEMPATH\Boot.php(67): CodeIgniter\Boot::runCodeIgniter(Object(CodeIgniter\CodeIgniter))
11 FCPATH\index.php(56): CodeIgniter\Boot::bootWeb(Object(Config\Paths))
12 SYSTEMPATH\Commands\Server\rewrite.php(49): require_once('C:\\xampp\\htdocs\\Sinapptic\\public\\index.php')
CRITICAL - 2024-06-13 21:44:19 --> [Caused by] mysqli_sql_exception: Not unique table/alias: 'modulo'
in SYSTEMPATH\Database\MySQLi\Connection.php on line 308.
 1 SYSTEMPATH\Database\MySQLi\Connection.php(308): mysqli->query('SELECT `TITULO`, `ICONO`, `RUTA`
FROM (`modulo`, `modulo`)
JOIN `permisos_modulos` ON `permisos_modulos`.`ID_MODULO` = `modulo`.`ID_MODULO`
JOIN `rol` ON `permisos_modulos`.`ID_ROL` = `rol`.`ID_ROL`
JOIN `usuario` ON `rol`.`ID_ROL` = `usuario`.`ID_ROL`
WHERE `permisos_modulos`.`VISTA` = 1
AND `usuario`.`NOMBRE` = \'Juan\'', 0)
 2 SYSTEMPATH\Database\BaseConnection.php(722): CodeIgniter\Database\MySQLi\Connection->execute('SELECT `TITULO`, `ICONO`, `RUTA`
FROM (`modulo`, `modulo`)
JOIN `permisos_modulos` ON `permisos_modulos`.`ID_MODULO` = `modulo`.`ID_MODULO`
JOIN `rol` ON `permisos_modulos`.`ID_ROL` = `rol`.`ID_ROL`
JOIN `usuario` ON `rol`.`ID_ROL` = `usuario`.`ID_ROL`
WHERE `permisos_modulos`.`VISTA` = 1
AND `usuario`.`NOMBRE` = \'Juan\'')
 3 SYSTEMPATH\Database\BaseConnection.php(636): CodeIgniter\Database\BaseConnection->simpleQuery('SELECT `TITULO`, `ICONO`, `RUTA`
FROM (`modulo`, `modulo`)
JOIN `permisos_modulos` ON `permisos_modulos`.`ID_MODULO` = `modulo`.`ID_MODULO`
JOIN `rol` ON `permisos_modulos`.`ID_ROL` = `rol`.`ID_ROL`
JOIN `usuario` ON `rol`.`ID_ROL` = `usuario`.`ID_ROL`
WHERE `permisos_modulos`.`VISTA` = 1
AND `usuario`.`NOMBRE` = \'Juan\'')
 4 SYSTEMPATH\Database\BaseBuilder.php(1629): CodeIgniter\Database\BaseConnection->query('SELECT `TITULO`, `ICONO`, `RUTA`
FROM (`modulo`, `modulo`)
JOIN `permisos_modulos` ON `permisos_modulos`.`ID_MODULO` = `modulo`.`ID_MODULO`
JOIN `rol` ON `permisos_modulos`.`ID_ROL` = `rol`.`ID_ROL`
JOIN `usuario` ON `rol`.`ID_ROL` = `usuario`.`ID_ROL`
WHERE `permisos_modulos`.`VISTA` = :permisos_modulos.VISTA:
AND `usuario`.`NOMBRE` = :usuario.NOMBRE:', [...], false)
 5 SYSTEMPATH\Model.php(919): CodeIgniter\Database\BaseBuilder->get()
 6 APPPATH\Controllers\Home.php(31): CodeIgniter\Model->__call('get', [])
 7 SYSTEMPATH\CodeIgniter.php(933): App\Controllers\Home->index()
 8 SYSTEMPATH\CodeIgniter.php(509): CodeIgniter\CodeIgniter->runController(Object(App\Controllers\Home))
 9 SYSTEMPATH\CodeIgniter.php(355): CodeIgniter\CodeIgniter->handleRequest(null, Object(Config\Cache), false)
10 SYSTEMPATH\Boot.php(312): CodeIgniter\CodeIgniter->run()
11 SYSTEMPATH\Boot.php(67): CodeIgniter\Boot::runCodeIgniter(Object(CodeIgniter\CodeIgniter))
12 FCPATH\index.php(56): CodeIgniter\Boot::bootWeb(Object(Config\Paths))
13 SYSTEMPATH\Commands\Server\rewrite.php(49): require_once('C:\\xampp\\htdocs\\Sinapptic\\public\\index.php')
ERROR - 2024-06-13 22:00:38 --> mysqli_sql_exception: Unknown column 'Juan' in 'where clause' in C:\xampp\htdocs\Sinapptic\system\Database\MySQLi\Connection.php:308
Stack trace:
#0 C:\xampp\htdocs\Sinapptic\system\Database\MySQLi\Connection.php(308): mysqli->query('SELECT TITULO, ...', 0)
#1 C:\xampp\htdocs\Sinapptic\system\Database\BaseConnection.php(722): CodeIgniter\Database\MySQLi\Connection->execute('SELECT TITULO, ...')
#2 C:\xampp\htdocs\Sinapptic\system\Database\BaseConnection.php(636): CodeIgniter\Database\BaseConnection->simpleQuery('SELECT TITULO, ...')
#3 C:\xampp\htdocs\Sinapptic\system\Model.php(915): CodeIgniter\Database\BaseConnection->query('SELECT TITULO, ...')
#4 C:\xampp\htdocs\Sinapptic\app\Controllers\Home.php(25): CodeIgniter\Model->__call('query', Array)
#5 C:\xampp\htdocs\Sinapptic\system\CodeIgniter.php(933): App\Controllers\Home->index()
#6 C:\xampp\htdocs\Sinapptic\system\CodeIgniter.php(509): CodeIgniter\CodeIgniter->runController(Object(App\Controllers\Home))
#7 C:\xampp\htdocs\Sinapptic\system\CodeIgniter.php(355): CodeIgniter\CodeIgniter->handleRequest(NULL, Object(Config\Cache), false)
#8 C:\xampp\htdocs\Sinapptic\system\Boot.php(312): CodeIgniter\CodeIgniter->run()
#9 C:\xampp\htdocs\Sinapptic\system\Boot.php(67): CodeIgniter\Boot::runCodeIgniter(Object(CodeIgniter\CodeIgniter))
#10 C:\xampp\htdocs\Sinapptic\public\index.php(56): CodeIgniter\Boot::bootWeb(Object(Config\Paths))
#11 C:\xampp\htdocs\Sinapptic\system\Commands\Server\rewrite.php(49): require_once('C:\\xampp\\htdocs...')
#12 {main}
CRITICAL - 2024-06-13 22:00:38 --> CodeIgniter\Database\Exceptions\DatabaseException: Unknown column 'Juan' in 'where clause'
[Method: GET, Route: modulos]
in SYSTEMPATH\Database\BaseConnection.php on line 676.
 1 SYSTEMPATH\Model.php(915): CodeIgniter\Database\BaseConnection->query('SELECT TITULO, ICONO, RUTA FROM `modulo`
            JOIN permisos_modulos ON permisos_modulos.ID_MODULO = modulo.ID_MODULO
            JOIN rol ON permisos_modulos.ID_ROL = rol.ID_ROL
            JOIN usuario ON rol.ID_ROL = usuario.ID_ROL
            WHERE permisos_modulos.VISTA = 1 AND usuario.NOMBRE = Juan')
 2 APPPATH\Controllers\Home.php(25): CodeIgniter\Model->__call('query', [...])
 3 SYSTEMPATH\CodeIgniter.php(933): App\Controllers\Home->index()
 4 SYSTEMPATH\CodeIgniter.php(509): CodeIgniter\CodeIgniter->runController(Object(App\Controllers\Home))
 5 SYSTEMPATH\CodeIgniter.php(355): CodeIgniter\CodeIgniter->handleRequest(null, Object(Config\Cache), false)
 6 SYSTEMPATH\Boot.php(312): CodeIgniter\CodeIgniter->run()
 7 SYSTEMPATH\Boot.php(67): CodeIgniter\Boot::runCodeIgniter(Object(CodeIgniter\CodeIgniter))
 8 FCPATH\index.php(56): CodeIgniter\Boot::bootWeb(Object(Config\Paths))
 9 SYSTEMPATH\Commands\Server\rewrite.php(49): require_once('C:\\xampp\\htdocs\\Sinapptic\\public\\index.php')
CRITICAL - 2024-06-13 22:00:38 --> [Caused by] CodeIgniter\Database\Exceptions\DatabaseException: Unknown column 'Juan' in 'where clause'
in SYSTEMPATH\Database\MySQLi\Connection.php on line 313.
 1 SYSTEMPATH\Database\BaseConnection.php(722): CodeIgniter\Database\MySQLi\Connection->execute('SELECT TITULO, ICONO, RUTA FROM `modulo`
            JOIN permisos_modulos ON permisos_modulos.ID_MODULO = modulo.ID_MODULO
            JOIN rol ON permisos_modulos.ID_ROL = rol.ID_ROL
            JOIN usuario ON rol.ID_ROL = usuario.ID_ROL
            WHERE permisos_modulos.VISTA = 1 AND usuario.NOMBRE = Juan')
 2 SYSTEMPATH\Database\BaseConnection.php(636): CodeIgniter\Database\BaseConnection->simpleQuery('SELECT TITULO, ICONO, RUTA FROM `modulo`
            JOIN permisos_modulos ON permisos_modulos.ID_MODULO = modulo.ID_MODULO
            JOIN rol ON permisos_modulos.ID_ROL = rol.ID_ROL
            JOIN usuario ON rol.ID_ROL = usuario.ID_ROL
            WHERE permisos_modulos.VISTA = 1 AND usuario.NOMBRE = Juan')
 3 SYSTEMPATH\Model.php(915): CodeIgniter\Database\BaseConnection->query('SELECT TITULO, ICONO, RUTA FROM `modulo`
            JOIN permisos_modulos ON permisos_modulos.ID_MODULO = modulo.ID_MODULO
            JOIN rol ON permisos_modulos.ID_ROL = rol.ID_ROL
            JOIN usuario ON rol.ID_ROL = usuario.ID_ROL
            WHERE permisos_modulos.VISTA = 1 AND usuario.NOMBRE = Juan')
 4 APPPATH\Controllers\Home.php(25): CodeIgniter\Model->__call('query', [...])
 5 SYSTEMPATH\CodeIgniter.php(933): App\Controllers\Home->index()
 6 SYSTEMPATH\CodeIgniter.php(509): CodeIgniter\CodeIgniter->runController(Object(App\Controllers\Home))
 7 SYSTEMPATH\CodeIgniter.php(355): CodeIgniter\CodeIgniter->handleRequest(null, Object(Config\Cache), false)
 8 SYSTEMPATH\Boot.php(312): CodeIgniter\CodeIgniter->run()
 9 SYSTEMPATH\Boot.php(67): CodeIgniter\Boot::runCodeIgniter(Object(CodeIgniter\CodeIgniter))
10 FCPATH\index.php(56): CodeIgniter\Boot::bootWeb(Object(Config\Paths))
11 SYSTEMPATH\Commands\Server\rewrite.php(49): require_once('C:\\xampp\\htdocs\\Sinapptic\\public\\index.php')
CRITICAL - 2024-06-13 22:00:38 --> [Caused by] mysqli_sql_exception: Unknown column 'Juan' in 'where clause'
in SYSTEMPATH\Database\MySQLi\Connection.php on line 308.
 1 SYSTEMPATH\Database\MySQLi\Connection.php(308): mysqli->query('SELECT TITULO, ICONO, RUTA FROM `modulo`
            JOIN permisos_modulos ON permisos_modulos.ID_MODULO = modulo.ID_MODULO
            JOIN rol ON permisos_modulos.ID_ROL = rol.ID_ROL
            JOIN usuario ON rol.ID_ROL = usuario.ID_ROL
            WHERE permisos_modulos.VISTA = 1 AND usuario.NOMBRE = Juan', 0)
 2 SYSTEMPATH\Database\BaseConnection.php(722): CodeIgniter\Database\MySQLi\Connection->execute('SELECT TITULO, ICONO, RUTA FROM `modulo`
            JOIN permisos_modulos ON permisos_modulos.ID_MODULO = modulo.ID_MODULO
            JOIN rol ON permisos_modulos.ID_ROL = rol.ID_ROL
            JOIN usuario ON rol.ID_ROL = usuario.ID_ROL
            WHERE permisos_modulos.VISTA = 1 AND usuario.NOMBRE = Juan')
 3 SYSTEMPATH\Database\BaseConnection.php(636): CodeIgniter\Database\BaseConnection->simpleQuery('SELECT TITULO, ICONO, RUTA FROM `modulo`
            JOIN permisos_modulos ON permisos_modulos.ID_MODULO = modulo.ID_MODULO
            JOIN rol ON permisos_modulos.ID_ROL = rol.ID_ROL
            JOIN usuario ON rol.ID_ROL = usuario.ID_ROL
            WHERE permisos_modulos.VISTA = 1 AND usuario.NOMBRE = Juan')
 4 SYSTEMPATH\Model.php(915): CodeIgniter\Database\BaseConnection->query('SELECT TITULO, ICONO, RUTA FROM `modulo`
            JOIN permisos_modulos ON permisos_modulos.ID_MODULO = modulo.ID_MODULO
            JOIN rol ON permisos_modulos.ID_ROL = rol.ID_ROL
            JOIN usuario ON rol.ID_ROL = usuario.ID_ROL
            WHERE permisos_modulos.VISTA = 1 AND usuario.NOMBRE = Juan')
 5 APPPATH\Controllers\Home.php(25): CodeIgniter\Model->__call('query', [...])
 6 SYSTEMPATH\CodeIgniter.php(933): App\Controllers\Home->index()
 7 SYSTEMPATH\CodeIgniter.php(509): CodeIgniter\CodeIgniter->runController(Object(App\Controllers\Home))
 8 SYSTEMPATH\CodeIgniter.php(355): CodeIgniter\CodeIgniter->handleRequest(null, Object(Config\Cache), false)
 9 SYSTEMPATH\Boot.php(312): CodeIgniter\CodeIgniter->run()
10 SYSTEMPATH\Boot.php(67): CodeIgniter\Boot::runCodeIgniter(Object(CodeIgniter\CodeIgniter))
11 FCPATH\index.php(56): CodeIgniter\Boot::bootWeb(Object(Config\Paths))
12 SYSTEMPATH\Commands\Server\rewrite.php(49): require_once('C:\\xampp\\htdocs\\Sinapptic\\public\\index.php')
ERROR - 2024-06-13 22:01:04 --> mysqli_sql_exception: Unknown column 'Juan' in 'where clause' in C:\xampp\htdocs\Sinapptic\system\Database\MySQLi\Connection.php:308
Stack trace:
#0 C:\xampp\htdocs\Sinapptic\system\Database\MySQLi\Connection.php(308): mysqli->query('SELECT TITULO, ...', 0)
#1 C:\xampp\htdocs\Sinapptic\system\Database\BaseConnection.php(722): CodeIgniter\Database\MySQLi\Connection->execute('SELECT TITULO, ...')
#2 C:\xampp\htdocs\Sinapptic\system\Database\BaseConnection.php(636): CodeIgniter\Database\BaseConnection->simpleQuery('SELECT TITULO, ...')
#3 C:\xampp\htdocs\Sinapptic\system\Model.php(915): CodeIgniter\Database\BaseConnection->query('SELECT TITULO, ...')
#4 C:\xampp\htdocs\Sinapptic\app\Controllers\Home.php(25): CodeIgniter\Model->__call('query', Array)
#5 C:\xampp\htdocs\Sinapptic\system\CodeIgniter.php(933): App\Controllers\Home->index()
#6 C:\xampp\htdocs\Sinapptic\system\CodeIgniter.php(509): CodeIgniter\CodeIgniter->runController(Object(App\Controllers\Home))
#7 C:\xampp\htdocs\Sinapptic\system\CodeIgniter.php(355): CodeIgniter\CodeIgniter->handleRequest(NULL, Object(Config\Cache), false)
#8 C:\xampp\htdocs\Sinapptic\system\Boot.php(312): CodeIgniter\CodeIgniter->run()
#9 C:\xampp\htdocs\Sinapptic\system\Boot.php(67): CodeIgniter\Boot::runCodeIgniter(Object(CodeIgniter\CodeIgniter))
#10 C:\xampp\htdocs\Sinapptic\public\index.php(56): CodeIgniter\Boot::bootWeb(Object(Config\Paths))
#11 C:\xampp\htdocs\Sinapptic\system\Commands\Server\rewrite.php(49): require_once('C:\\xampp\\htdocs...')
#12 {main}
CRITICAL - 2024-06-13 22:01:05 --> CodeIgniter\Database\Exceptions\DatabaseException: Unknown column 'Juan' in 'where clause'
[Method: POST, Route: modulos]
in SYSTEMPATH\Database\BaseConnection.php on line 676.
 1 SYSTEMPATH\Model.php(915): CodeIgniter\Database\BaseConnection->query('SELECT TITULO, ICONO, RUTA FROM `modulo`
            JOIN permisos_modulos ON permisos_modulos.ID_MODULO = modulo.ID_MODULO
            JOIN rol ON permisos_modulos.ID_ROL = rol.ID_ROL
            JOIN usuario ON rol.ID_ROL = usuario.ID_ROL
            WHERE permisos_modulos.VISTA = 1 AND usuario.NOMBRE = Juan')
 2 APPPATH\Controllers\Home.php(25): CodeIgniter\Model->__call('query', [...])
 3 SYSTEMPATH\CodeIgniter.php(933): App\Controllers\Home->index()
 4 SYSTEMPATH\CodeIgniter.php(509): CodeIgniter\CodeIgniter->runController(Object(App\Controllers\Home))
 5 SYSTEMPATH\CodeIgniter.php(355): CodeIgniter\CodeIgniter->handleRequest(null, Object(Config\Cache), false)
 6 SYSTEMPATH\Boot.php(312): CodeIgniter\CodeIgniter->run()
 7 SYSTEMPATH\Boot.php(67): CodeIgniter\Boot::runCodeIgniter(Object(CodeIgniter\CodeIgniter))
 8 FCPATH\index.php(56): CodeIgniter\Boot::bootWeb(Object(Config\Paths))
 9 SYSTEMPATH\Commands\Server\rewrite.php(49): require_once('C:\\xampp\\htdocs\\Sinapptic\\public\\index.php')
CRITICAL - 2024-06-13 22:01:05 --> [Caused by] CodeIgniter\Database\Exceptions\DatabaseException: Unknown column 'Juan' in 'where clause'
in SYSTEMPATH\Database\MySQLi\Connection.php on line 313.
 1 SYSTEMPATH\Database\BaseConnection.php(722): CodeIgniter\Database\MySQLi\Connection->execute('SELECT TITULO, ICONO, RUTA FROM `modulo`
            JOIN permisos_modulos ON permisos_modulos.ID_MODULO = modulo.ID_MODULO
            JOIN rol ON permisos_modulos.ID_ROL = rol.ID_ROL
            JOIN usuario ON rol.ID_ROL = usuario.ID_ROL
            WHERE permisos_modulos.VISTA = 1 AND usuario.NOMBRE = Juan')
 2 SYSTEMPATH\Database\BaseConnection.php(636): CodeIgniter\Database\BaseConnection->simpleQuery('SELECT TITULO, ICONO, RUTA FROM `modulo`
            JOIN permisos_modulos ON permisos_modulos.ID_MODULO = modulo.ID_MODULO
            JOIN rol ON permisos_modulos.ID_ROL = rol.ID_ROL
            JOIN usuario ON rol.ID_ROL = usuario.ID_ROL
            WHERE permisos_modulos.VISTA = 1 AND usuario.NOMBRE = Juan')
 3 SYSTEMPATH\Model.php(915): CodeIgniter\Database\BaseConnection->query('SELECT TITULO, ICONO, RUTA FROM `modulo`
            JOIN permisos_modulos ON permisos_modulos.ID_MODULO = modulo.ID_MODULO
            JOIN rol ON permisos_modulos.ID_ROL = rol.ID_ROL
            JOIN usuario ON rol.ID_ROL = usuario.ID_ROL
            WHERE permisos_modulos.VISTA = 1 AND usuario.NOMBRE = Juan')
 4 APPPATH\Controllers\Home.php(25): CodeIgniter\Model->__call('query', [...])
 5 SYSTEMPATH\CodeIgniter.php(933): App\Controllers\Home->index()
 6 SYSTEMPATH\CodeIgniter.php(509): CodeIgniter\CodeIgniter->runController(Object(App\Controllers\Home))
 7 SYSTEMPATH\CodeIgniter.php(355): CodeIgniter\CodeIgniter->handleRequest(null, Object(Config\Cache), false)
 8 SYSTEMPATH\Boot.php(312): CodeIgniter\CodeIgniter->run()
 9 SYSTEMPATH\Boot.php(67): CodeIgniter\Boot::runCodeIgniter(Object(CodeIgniter\CodeIgniter))
10 FCPATH\index.php(56): CodeIgniter\Boot::bootWeb(Object(Config\Paths))
11 SYSTEMPATH\Commands\Server\rewrite.php(49): require_once('C:\\xampp\\htdocs\\Sinapptic\\public\\index.php')
CRITICAL - 2024-06-13 22:01:05 --> [Caused by] mysqli_sql_exception: Unknown column 'Juan' in 'where clause'
in SYSTEMPATH\Database\MySQLi\Connection.php on line 308.
 1 SYSTEMPATH\Database\MySQLi\Connection.php(308): mysqli->query('SELECT TITULO, ICONO, RUTA FROM `modulo`
            JOIN permisos_modulos ON permisos_modulos.ID_MODULO = modulo.ID_MODULO
            JOIN rol ON permisos_modulos.ID_ROL = rol.ID_ROL
            JOIN usuario ON rol.ID_ROL = usuario.ID_ROL
            WHERE permisos_modulos.VISTA = 1 AND usuario.NOMBRE = Juan', 0)
 2 SYSTEMPATH\Database\BaseConnection.php(722): CodeIgniter\Database\MySQLi\Connection->execute('SELECT TITULO, ICONO, RUTA FROM `modulo`
            JOIN permisos_modulos ON permisos_modulos.ID_MODULO = modulo.ID_MODULO
            JOIN rol ON permisos_modulos.ID_ROL = rol.ID_ROL
            JOIN usuario ON rol.ID_ROL = usuario.ID_ROL
            WHERE permisos_modulos.VISTA = 1 AND usuario.NOMBRE = Juan')
 3 SYSTEMPATH\Database\BaseConnection.php(636): CodeIgniter\Database\BaseConnection->simpleQuery('SELECT TITULO, ICONO, RUTA FROM `modulo`
            JOIN permisos_modulos ON permisos_modulos.ID_MODULO = modulo.ID_MODULO
            JOIN rol ON permisos_modulos.ID_ROL = rol.ID_ROL
            JOIN usuario ON rol.ID_ROL = usuario.ID_ROL
            WHERE permisos_modulos.VISTA = 1 AND usuario.NOMBRE = Juan')
 4 SYSTEMPATH\Model.php(915): CodeIgniter\Database\BaseConnection->query('SELECT TITULO, ICONO, RUTA FROM `modulo`
            JOIN permisos_modulos ON permisos_modulos.ID_MODULO = modulo.ID_MODULO
            JOIN rol ON permisos_modulos.ID_ROL = rol.ID_ROL
            JOIN usuario ON rol.ID_ROL = usuario.ID_ROL
            WHERE permisos_modulos.VISTA = 1 AND usuario.NOMBRE = Juan')
 5 APPPATH\Controllers\Home.php(25): CodeIgniter\Model->__call('query', [...])
 6 SYSTEMPATH\CodeIgniter.php(933): App\Controllers\Home->index()
 7 SYSTEMPATH\CodeIgniter.php(509): CodeIgniter\CodeIgniter->runController(Object(App\Controllers\Home))
 8 SYSTEMPATH\CodeIgniter.php(355): CodeIgniter\CodeIgniter->handleRequest(null, Object(Config\Cache), false)
 9 SYSTEMPATH\Boot.php(312): CodeIgniter\CodeIgniter->run()
10 SYSTEMPATH\Boot.php(67): CodeIgniter\Boot::runCodeIgniter(Object(CodeIgniter\CodeIgniter))
11 FCPATH\index.php(56): CodeIgniter\Boot::bootWeb(Object(Config\Paths))
12 SYSTEMPATH\Commands\Server\rewrite.php(49): require_once('C:\\xampp\\htdocs\\Sinapptic\\public\\index.php')
