CRITICAL - 2024-06-16 01:09:28 --> ArgumentCountError: Too few arguments to function App\Controllers\Home::get_usuario_id(), 0 passed in C:\xampp\htdocs\Sinapptic\system\CodeIgniter.php on line 933 and exactly 1 expected
[Method: POST, Route: modulosss]
in APPPATH\Controllers\Home.php on line 53.
 1 SYSTEMPATH\CodeIgniter.php(933): App\Controllers\Home->get_usuario_id()
 2 SYSTEMPATH\CodeIgniter.php(509): CodeIgniter\CodeIgniter->runController(Object(App\Controllers\Home))
 3 SYSTEMPATH\CodeIgniter.php(355): CodeIgniter\CodeIgniter->handleRequest(null, Object(Config\Cache), false)
 4 SYSTEMPATH\Boot.php(312): CodeIgniter\CodeIgniter->run()
 5 SYSTEMPATH\Boot.php(67): CodeIgniter\Boot::runCodeIgniter(Object(CodeIgniter\CodeIgniter))
 6 FCPATH\index.php(56): CodeIgniter\Boot::bootWeb(Object(Config\Paths))
 7 SYSTEMPATH\Commands\Server\rewrite.php(49): require_once('C:\\xampp\\htdocs\\Sinapptic\\public\\index.php')
CRITICAL - 2024-06-16 01:12:02 --> ArgumentCountError: Too few arguments to function App\Controllers\Home::getid(), 0 passed in C:\xampp\htdocs\Sinapptic\system\CodeIgniter.php on line 933 and exactly 1 expected
[Method: POST, Route: modulosss]
in APPPATH\Controllers\Home.php on line 53.
 1 SYSTEMPATH\CodeIgniter.php(933): App\Controllers\Home->getid()
 2 SYSTEMPATH\CodeIgniter.php(509): CodeIgniter\CodeIgniter->runController(Object(App\Controllers\Home))
 3 SYSTEMPATH\CodeIgniter.php(355): CodeIgniter\CodeIgniter->handleRequest(null, Object(Config\Cache), false)
 4 SYSTEMPATH\Boot.php(312): CodeIgniter\CodeIgniter->run()
 5 SYSTEMPATH\Boot.php(67): CodeIgniter\Boot::runCodeIgniter(Object(CodeIgniter\CodeIgniter))
 6 FCPATH\index.php(56): CodeIgniter\Boot::bootWeb(Object(Config\Paths))
 7 SYSTEMPATH\Commands\Server\rewrite.php(49): require_once('C:\\xampp\\htdocs\\Sinapptic\\public\\index.php')
CRITICAL - 2024-06-16 01:12:17 --> ArgumentCountError: Too few arguments to function App\Controllers\Home::getid(), 0 passed in C:\xampp\htdocs\Sinapptic\system\CodeIgniter.php on line 933 and exactly 1 expected
[Method: POST, Route: modulosss]
in APPPATH\Controllers\Home.php on line 53.
 1 SYSTEMPATH\CodeIgniter.php(933): App\Controllers\Home->getid()
 2 SYSTEMPATH\CodeIgniter.php(509): CodeIgniter\CodeIgniter->runController(Object(App\Controllers\Home))
 3 SYSTEMPATH\CodeIgniter.php(355): CodeIgniter\CodeIgniter->handleRequest(null, Object(Config\Cache), false)
 4 SYSTEMPATH\Boot.php(312): CodeIgniter\CodeIgniter->run()
 5 SYSTEMPATH\Boot.php(67): CodeIgniter\Boot::runCodeIgniter(Object(CodeIgniter\CodeIgniter))
 6 FCPATH\index.php(56): CodeIgniter\Boot::bootWeb(Object(Config\Paths))
 7 SYSTEMPATH\Commands\Server\rewrite.php(49): require_once('C:\\xampp\\htdocs\\Sinapptic\\public\\index.php')
CRITICAL - 2024-06-16 01:12:24 --> ArgumentCountError: Too few arguments to function App\Controllers\Home::getid(), 0 passed in C:\xampp\htdocs\Sinapptic\system\CodeIgniter.php on line 933 and exactly 1 expected
[Method: POST, Route: modulosss]
in APPPATH\Controllers\Home.php on line 53.
 1 SYSTEMPATH\CodeIgniter.php(933): App\Controllers\Home->getid()
 2 SYSTEMPATH\CodeIgniter.php(509): CodeIgniter\CodeIgniter->runController(Object(App\Controllers\Home))
 3 SYSTEMPATH\CodeIgniter.php(355): CodeIgniter\CodeIgniter->handleRequest(null, Object(Config\Cache), false)
 4 SYSTEMPATH\Boot.php(312): CodeIgniter\CodeIgniter->run()
 5 SYSTEMPATH\Boot.php(67): CodeIgniter\Boot::runCodeIgniter(Object(CodeIgniter\CodeIgniter))
 6 FCPATH\index.php(56): CodeIgniter\Boot::bootWeb(Object(Config\Paths))
 7 SYSTEMPATH\Commands\Server\rewrite.php(49): require_once('C:\\xampp\\htdocs\\Sinapptic\\public\\index.php')
CRITICAL - 2024-06-16 01:14:02 --> ArgumentCountError: Too few arguments to function App\Controllers\Home::getid(), 0 passed in C:\xampp\htdocs\Sinapptic\system\CodeIgniter.php on line 933 and exactly 1 expected
[Method: POST, Route: modulosss]
in APPPATH\Controllers\Home.php on line 53.
 1 SYSTEMPATH\CodeIgniter.php(933): App\Controllers\Home->getid()
 2 SYSTEMPATH\CodeIgniter.php(509): CodeIgniter\CodeIgniter->runController(Object(App\Controllers\Home))
 3 SYSTEMPATH\CodeIgniter.php(355): CodeIgniter\CodeIgniter->handleRequest(null, Object(Config\Cache), false)
 4 SYSTEMPATH\Boot.php(312): CodeIgniter\CodeIgniter->run()
 5 SYSTEMPATH\Boot.php(67): CodeIgniter\Boot::runCodeIgniter(Object(CodeIgniter\CodeIgniter))
 6 FCPATH\index.php(56): CodeIgniter\Boot::bootWeb(Object(Config\Paths))
 7 SYSTEMPATH\Commands\Server\rewrite.php(49): require_once('C:\\xampp\\htdocs\\Sinapptic\\public\\index.php')
CRITICAL - 2024-06-16 01:15:12 --> ArgumentCountError: Too few arguments to function App\Controllers\Home::id(), 0 passed in C:\xampp\htdocs\Sinapptic\system\CodeIgniter.php on line 933 and exactly 1 expected
[Method: POST, Route: modulosss]
in APPPATH\Controllers\Home.php on line 53.
 1 SYSTEMPATH\CodeIgniter.php(933): App\Controllers\Home->id()
 2 SYSTEMPATH\CodeIgniter.php(509): CodeIgniter\CodeIgniter->runController(Object(App\Controllers\Home))
 3 SYSTEMPATH\CodeIgniter.php(355): CodeIgniter\CodeIgniter->handleRequest(null, Object(Config\Cache), false)
 4 SYSTEMPATH\Boot.php(312): CodeIgniter\CodeIgniter->run()
 5 SYSTEMPATH\Boot.php(67): CodeIgniter\Boot::runCodeIgniter(Object(CodeIgniter\CodeIgniter))
 6 FCPATH\index.php(56): CodeIgniter\Boot::bootWeb(Object(Config\Paths))
 7 SYSTEMPATH\Commands\Server\rewrite.php(49): require_once('C:\\xampp\\htdocs\\Sinapptic\\public\\index.php')
